<?xml version="1.0" encoding="UTF-8"?>
<!-- Generated by org.testng.reporters.JUnitReportReporter -->
<testsuite hostname="DESKTOP-RCIIT71" failures="0" tests="1" name="com.prasadchavan.qa.TestCases.TwitterLoginTestCase" time="3.764" errors="0" timestamp="10 Aug 2022 08:12:56 GMT">
  <testcase classname="com.prasadchavan.qa.TestCases.TwitterLoginTestCase" name="TwitterRegisterTesting" time="3.764"/>
</testsuite>
